<?xml version="1.0" encoding="UTF-8"?>
<testng-results skipped="0" failed="0" ignored="0" total="1" passed="1">
  <reporter-output>
  </reporter-output>
  <suite name="Default suite" duration-ms="24720" started-at="2021-07-19T11:48:21 IST" finished-at="2021-07-19T11:48:45 IST">
    <groups>
    </groups>
    <test name="Default test" duration-ms="24720" started-at="2021-07-19T11:48:21 IST" finished-at="2021-07-19T11:48:45 IST">
      <class name="com.cleartrip.testcases.Searchflighttestcase">
        <test-method status="PASS" signature="setup()[pri:0, instance:com.cleartrip.testcases.Searchflighttestcase@4493d195]" name="setup" is-config="true" duration-ms="8961" started-at="2021-07-19T11:48:21 IST" finished-at="2021-07-19T11:48:30 IST">
          <reporter-output>
          </reporter-output>
        </test-method> <!-- setup -->
        <test-method status="PASS" signature="searchflight()[pri:0, instance:com.cleartrip.testcases.Searchflighttestcase@4493d195]" name="searchflight" duration-ms="14271" started-at="2021-07-19T11:48:30 IST" finished-at="2021-07-19T11:48:44 IST">
          <reporter-output>
          </reporter-output>
        </test-method> <!-- searchflight -->
        <test-method status="PASS" signature="tearDown(org.testng.ITestResult)[pri:0, instance:com.cleartrip.testcases.Searchflighttestcase@4493d195]" name="tearDown" is-config="true" duration-ms="1431" started-at="2021-07-19T11:48:44 IST" finished-at="2021-07-19T11:48:45 IST">
          <params>
            <param index="0">
              <value>
                <![CDATA[[TestResult name=searchflight status=SUCCESS method=Searchflighttestcase.searchflight()[pri:0, instance:com.cleartrip.testcases.Searchflighttestcase@4493d195] output={null}]]]>
              </value>
            </param>
          </params>
          <reporter-output>
          </reporter-output>
        </test-method> <!-- tearDown -->
      </class> <!-- com.cleartrip.testcases.Searchflighttestcase -->
    </test> <!-- Default test -->
  </suite> <!-- Default suite -->
</testng-results>
